2026-06-20 10:31:53 - INFO - com.example.demo.DemoApplication - Starting DemoApplication using Java 21.0.11 with PID 175992 (C:\Users\Admin\Desktop\Codes\Backend\demo\target\classes started by Admin in C:\Users\Admin\Desktop\Codes\Backend\demo)
2026-06-20 10:31:53 - DEBUG - com.example.demo.DemoApplication - Running with Spring Boot v3.5.3, Spring v6.2.8
2026-06-20 10:31:53 - INFO - com.example.demo.DemoApplication - No active profile set, falling back to 1 default profile: "default"
2026-06-20 10:31:54 - INFO - o.s.d.r.c.RepositoryConfigurationDelegate - Bootstrapping Spring Data JPA repositories in DEFAULT mode.
2026-06-20 10:31:54 - INFO - o.s.d.r.c.RepositoryConfigurationDelegate - Finished Spring Data repository scanning in 47 ms. Found 1 JPA repository interface.
2026-06-20 10:31:55 - INFO - o.s.b.w.e.tomcat.TomcatWebServer - Tomcat initialized with port 8080 (http)
2026-06-20 10:31:55 - INFO - o.a.catalina.core.StandardService - Starting service [Tomcat]
2026-06-20 10:31:55 - INFO - o.a.catalina.core.StandardEngine - Starting Servlet engine: [Apache Tomcat/10.1.42]
2026-06-20 10:31:55 - INFO - o.a.c.c.C.[Tomcat].[localhost].[/] - Initializing Spring embedded WebApplicationContext
2026-06-20 10:31:55 - INFO - o.s.b.w.s.c.ServletWebServerApplicationContext - Root WebApplicationContext: initialization completed in 2114 ms
2026-06-20 10:31:55 - INFO - o.h.jpa.internal.util.LogHelper - HHH000204: Processing PersistenceUnitInfo [name: default]
2026-06-20 10:31:55 - INFO - org.hibernate.Version - HHH000412: Hibernate ORM core version 6.6.18.Final
2026-06-20 10:31:55 - INFO - o.h.c.i.RegionFactoryInitiator - HHH000026: Second-level cache disabled
2026-06-20 10:31:56 - INFO - o.s.o.j.p.SpringPersistenceUnitInfo - No LoadTimeWeaver setup: ignoring JPA class transformer
2026-06-20 10:31:56 - INFO - com.zaxxer.hikari.HikariDataSource - HikariPool-1 - Starting...
2026-06-20 10:31:56 - INFO - com.zaxxer.hikari.pool.HikariPool - HikariPool-1 - Added connection conn0: url=jdbc:h2:file:./data/employeedb user=SA
2026-06-20 10:31:56 - INFO - com.zaxxer.hikari.HikariDataSource - HikariPool-1 - Start completed.
2026-06-20 10:31:56 - INFO - o.hibernate.orm.connections.pooling - HHH10001005: Database info:
	Database JDBC URL [Connecting through datasource 'HikariDataSource (HikariPool-1)']
	Database driver: undefined/unknown
	Database version: 2.3.232
	Autocommit mode: undefined/unknown
	Isolation level: undefined/unknown
	Minimum pool size: undefined/unknown
	Maximum pool size: undefined/unknown
2026-06-20 10:31:57 - INFO - o.h.e.t.j.p.i.JtaPlatformInitiator - HHH000489: No JTA platform available (set 'hibernate.transaction.jta.platform' to enable JTA platform integration)
2026-06-20 10:31:57 - INFO - o.s.o.j.LocalContainerEntityManagerFactoryBean - Initialized JPA EntityManagerFactory for persistence unit 'default'
2026-06-20 10:31:58 - WARN - o.s.b.a.o.j.JpaBaseConfiguration$JpaWebConfiguration - spring.jpa.open-in-view is enabled by default. Therefore, database queries may be performed during view rendering. Explicitly configure spring.jpa.open-in-view to disable this warning
2026-06-20 10:31:58 - INFO - o.s.b.a.h.H2ConsoleAutoConfiguration - H2 console available at '/h2-console'. Database available at 'jdbc:h2:file:./data/employeedb'
2026-06-20 10:31:58 - INFO - o.s.b.w.e.tomcat.TomcatWebServer - Tomcat started on port 8080 (http) with context path '/'
2026-06-20 10:31:59 - INFO - com.example.demo.DemoApplication - Started DemoApplication in 6.481 seconds (process running for 6.779)
2026-06-20 10:32:16 - INFO - o.a.c.c.C.[Tomcat].[localhost].[/] - Initializing Spring DispatcherServlet 'dispatcherServlet'
2026-06-20 10:32:16 - INFO - o.s.web.servlet.DispatcherServlet - Initializing Servlet 'dispatcherServlet'
2026-06-20 10:32:16 - INFO - o.s.web.servlet.DispatcherServlet - Completed initialization in 3 ms
2026-06-20 10:32:25 - INFO - o.s.api.AbstractOpenApiResource - Init duration for springdoc-openapi is: 641 ms
2026-06-20 10:32:27 - INFO - c.e.d.controller.EmployeeController - Fetching all employees
2026-06-20 10:32:28 - INFO - c.e.d.controller.EmployeeController - Total employees found: 10
2026-06-20 10:32:36 - INFO - c.e.d.controller.EmployeeController - Fetching all employees
2026-06-20 10:32:36 - INFO - c.e.d.controller.EmployeeController - Total employees found: 10
